#
# There is insufficient memory for the Java Runtime Environment to continue.
# Native memory allocation (malloc) failed to allocate 673936 bytes for Chunk::new
# Possible reasons:
#   The system is out of physical RAM or swap space
#   The process is running with CompressedOops enabled, and the Java Heap may be blocking the growth of the native heap
# Possible solutions:
#   Reduce memory load on the system
#   Increase physical memory or swap space
#   Check if swap backing store is full
#   Decrease Java heap size (-Xmx/-Xms)
#   Decrease number of Java threads
#   Decrease Java thread stack sizes (-Xss)
#   Set larger code cache with -XX:ReservedCodeCacheSize=
#   JVM is running with Unscaled Compressed Oops mode in which the Java heap is
#     placed in the first 4GB address space. The Java Heap base address is the
#     maximum limit for the native heap growth. Please use -XX:HeapBaseMinAddress
#     to set the Java Heap base and to place the Java Heap above 4GB virtual address.
# This output file may be truncated or incomplete.
#
#  Out of Memory Error (t:/workspace/open/src/hotspot/share/memory/arena.cpp:197), pid=1364, tid=216
#
# JRE version: Java(TM) SE Runtime Environment (12.0.2+10) (build 12.0.2+10)
# Java VM: Java HotSpot(TM) 64-Bit Server VM (12.0.2+10, mixed mode, sharing, tiered, compressed oops, g1 gc, windows-amd64)
# No core dump will be written. Minidumps are not enabled by default on client versions of Windows
#

---------------  S U M M A R Y ------------

Command Line: --add-opens=java.base/java.util=ALL-UNNAMED --add-opens=java.base/java.lang=ALL-UNNAMED --add-opens=java.base/java.lang.invoke=ALL-UNNAMED --add-opens=java.prefs/java.util.prefs=ALL-UNNAMED -XX:MaxMetaspaceSize=256m -XX:+HeapDumpOnOutOfMemoryError -Xms256m -Xmx512m -Dfile.encoding=GBK -Duser.country=CN -Duser.language=zh -Duser.variant org.gradle.launcher.daemon.bootstrap.GradleDaemon 5.4.1

Host: Intel(R) Core(TM) i7-7500U CPU @ 2.70GHz, 4 cores, 7G,  Windows 10 , 64 bit Build 17134 (10.0.17134.753)
Time: Wed Jul 31 16:15:30 2019 ?D1¨²¡À¨º¡Á?¨º¡À?? elapsed time: 144 seconds (0d 0h 2m 24s)

---------------  T H R E A D  ---------------

Current thread (0x00000273fedf9000):  JavaThread "C2 CompilerThread1" daemon [_thread_in_native, id=216, stack(0x000000a5b7a00000,0x000000a5b7b00000)]


Current CompileTask:
C2: 144847 6141       4       java.net.URLStreamHandler::toExternalForm (156 bytes)

Stack: [0x000000a5b7a00000,0x000000a5b7b00000]
Native frames: (J=compiled Java code, j=interpreted, Vv=VM code, C=native code)
V  [jvm.dll+0x63aa2a]
V  [jvm.dll+0x78ce1e]
V  [jvm.dll+0x78e4c1]
V  [jvm.dll+0x78eb13]
V  [jvm.dll+0x2627e8]
V  [jvm.dll+0xc55cc]
V  [jvm.dll+0xc5b4c]
V  [jvm.dll+0x37a677]
V  [jvm.dll+0x3463d3]
V  [jvm.dll+0x34579a]
V  [jvm.dll+0x21c205]
V  [jvm.dll+0x21b3da]
V  [jvm.dll+0x199a20]
V  [jvm.dll+0x22a744]
V  [jvm.dll+0x228d98]
V  [jvm.dll+0x7512a0]
V  [jvm.dll+0x74a2c8]
V  [jvm.dll+0x639b16]
C  [ucrtbase.dll+0x1e3fe]
C  [KERNEL32.DLL+0x14034]
C  [ntdll.dll+0x73691]


---------------  P R O C E S S  ---------------

Threads class SMR info:
_java_thread_list=0x000002739903d000, length=33, elements={
0x00000273f98e8800, 0x00000273fd1ac800, 0x00000273fd1af800, 0x00000273fd1d0800,
0x00000273fd1d2800, 0x00000273fd1d3800, 0x00000273fd1d9000, 0x00000273fd1e5800,
0x00000273fdb23000, 0x00000273fdb3c800, 0x00000273fea2f800, 0x00000273fe987800,
0x00000273fe213000, 0x000002739734d800, 0x000002739734c000, 0x000002739734a800,
0x0000027397350000, 0x0000027397351000, 0x000002739734b000, 0x000002739734e800,
0x00000273fdb25000, 0x00000273fdb2a000, 0x00000273fdb27800, 0x00000273fdb24000,
0x00000273fdb28000, 0x00000273fdb2b800, 0x00000273fdb26800, 0x00000273fdb29000,
0x00000273fdb2a800, 0x00000273fdb25800, 0x00000273fdb2e000, 0x00000273fdb31000,
0x00000273fedf9000
}

Java Threads: ( => current thread )
  0x00000273f98e8800 JavaThread "main" [_thread_blocked, id=20388, stack(0x000000a5b5d00000,0x000000a5b5e00000)]
  0x00000273fd1ac800 JavaThread "Reference Handler" daemon [_thread_blocked, id=3416, stack(0x000000a5b6400000,0x000000a5b6500000)]
  0x00000273fd1af800 JavaThread "Finalizer" daemon [_thread_blocked, id=904, stack(0x000000a5b6500000,0x000000a5b6600000)]
  0x00000273fd1d0800 JavaThread "Signal Dispatcher" daemon [_thread_blocked, id=15948, stack(0x000000a5b6600000,0x000000a5b6700000)]
  0x00000273fd1d2800 JavaThread "Attach Listener" daemon [_thread_blocked, id=10080, stack(0x000000a5b6700000,0x000000a5b6800000)]
  0x00000273fd1d3800 JavaThread "C2 CompilerThread0" daemon [_thread_in_native, id=12892, stack(0x000000a5b6800000,0x000000a5b6900000)]
  0x00000273fd1d9000 JavaThread "C1 CompilerThread0" daemon [_thread_blocked, id=19728, stack(0x000000a5b6900000,0x000000a5b6a00000)]
  0x00000273fd1e5800 JavaThread "Sweeper thread" daemon [_thread_blocked, id=22040, stack(0x000000a5b6a00000,0x000000a5b6b00000)]
  0x00000273fdb23000 JavaThread "Common-Cleaner" daemon [_thread_blocked, id=13688, stack(0x000000a5b6b00000,0x000000a5b6c00000)]
  0x00000273fdb3c800 JavaThread "Service Thread" daemon [_thread_blocked, id=15824, stack(0x000000a5b6c00000,0x000000a5b6d00000)]
  0x00000273fea2f800 JavaThread "Daemon health stats" [_thread_blocked, id=1596, stack(0x000000a5b7200000,0x000000a5b7300000)]
  0x00000273fe987800 JavaThread "Incoming local TCP Connector on port 64334" [_thread_in_native, id=5128, stack(0x000000a5b7100000,0x000000a5b7200000)]
  0x00000273fe213000 JavaThread "Daemon periodic checks" [_thread_blocked, id=16448, stack(0x000000a5b7300000,0x000000a5b7400000)]
  0x000002739734d800 JavaThread "Cache worker for file hash cache (C:\Users\13383\.gradle\caches\5.4.1\fileHashes)" [_thread_blocked, id=22008, stack(0x000000a5b7b00000,0x000000a5b7c00000)]
  0x000002739734c000 JavaThread "File lock request listener" [_thread_in_native, id=12544, stack(0x000000a5b7c00000,0x000000a5b7d00000)]
  0x000002739734a800 JavaThread "Cache worker for journal cache (C:\Users\13383\.gradle\caches\journal-1)" [_thread_blocked, id=10784, stack(0x000000a5b7d00000,0x000000a5b7e00000)]
  0x0000027397350000 JavaThread "Daemon Thread 2" [_thread_blocked, id=2252, stack(0x000000a5b5900000,0x000000a5b5a00000)]
  0x0000027397351000 JavaThread "Handler for socket connection from /127.0.0.1:64334 to /127.0.0.1:64703" [_thread_in_native, id=22240, stack(0x000000a5b5a00000,0x000000a5b5b00000)]
  0x000002739734b000 JavaThread "Cancel handler" [_thread_blocked, id=12508, stack(0x000000a5b5b00000,0x000000a5b5c00000)]
  0x000002739734e800 JavaThread "Daemon worker Thread 2" [_thread_in_vm, id=22316, stack(0x000000a5b7400000,0x000000a5b7500000)]
  0x00000273fdb25000 JavaThread "Asynchronous log dispatcher for DefaultDaemonConnection: socket connection from /127.0.0.1:64334 to /127.0.0.1:64703" [_thread_blocked, id=21844, stack(0x000000a5b7600000,0x000000a5b7700000)]
  0x00000273fdb2a000 JavaThread "Stdin handler" [_thread_blocked, id=18524, stack(0x000000a5b7700000,0x000000a5b7800000)]
  0x00000273fdb27800 JavaThread "Thread-19" [_thread_blocked, id=23420, stack(0x000000a5b7800000,0x000000a5b7900000)]
  0x00000273fdb24000 JavaThread "Cache worker for file hash cache (E:\study\react-native\code\pro\AwesomeProject\android\.gradle\5.4.1\fileHashes)" [_thread_blocked, id=22212, stack(0x000000a5b7900000,0x000000a5b7a00000)]
  0x00000273fdb28000 JavaThread "Cache worker for cache directory md-supplier (C:\Users\13383\.gradle\caches\5.4.1\md-supplier)" [_thread_blocked, id=15168, stack(0x000000a5b7e00000,0x000000a5b7f00000)]
  0x00000273fdb2b800 JavaThread "Cache worker for cache directory md-rule (C:\Users\13383\.gradle\caches\5.4.1\md-rule)" [_thread_blocked, id=13048, stack(0x000000a5b7f00000,0x000000a5b8000000)]
  0x00000273fdb26800 JavaThread "Cache worker for execution history cache (C:\Users\13383\.gradle\caches\5.4.1\executionHistory)" [_thread_blocked, id=16684, stack(0x000000a5b8000000,0x000000a5b8100000)]
  0x00000273fdb29000 JavaThread "Build operations" [_thread_blocked, id=4456, stack(0x000000a5b8100000,0x000000a5b8200000)]
  0x00000273fdb2a800 JavaThread "Build operations Thread 2" [_thread_blocked, id=20644, stack(0x000000a5b8200000,0x000000a5b8300000)]
  0x00000273fdb25800 JavaThread "Build operations Thread 3" [_thread_blocked, id=9544, stack(0x000000a5b8300000,0x000000a5b8400000)]
  0x00000273fdb2e000 JavaThread "Build operations Thread 4" [_thread_blocked, id=2344, stack(0x000000a5b8400000,0x000000a5b8500000)]
  0x00000273fdb31000 JavaThread "Cache worker for Build Output Cleanup Cache (E:\study\react-native\code\pro\AwesomeProject\android\.gradle\buildOutputCleanup)" [_thread_blocked, id=1108, stack(0x000000a5b8500000,0x000000a5b8600000)]
=>0x00000273fedf9000 JavaThread "C2 CompilerThread1" daemon [_thread_in_native, id=216, stack(0x000000a5b7a00000,0x000000a5b7b00000)]

Other Threads:
  0x00000273fd1aa800 VMThread "VM Thread" [stack: 0x000000a5b6300000,0x000000a5b6400000] [id=17152]
  0x00000273fdb4a800 WatcherThread [stack: 0x000000a5b6d00000,0x000000a5b6e00000] [id=19568]
  0x00000273f990c800 GCTaskThread "GC Thread#0" [stack: 0x000000a5b5e00000,0x000000a5b5f00000] [id=20216]
  0x00000273fe19f000 GCTaskThread "GC Thread#1" [stack: 0x000000a5b6e00000,0x000000a5b6f00000] [id=18964]
  0x00000273fe165000 GCTaskThread "GC Thread#2" [stack: 0x000000a5b6f00000,0x000000a5b7000000] [id=21724]
  0x00000273fe13b000 GCTaskThread "GC Thread#3" [stack: 0x000000a5b7000000,0x000000a5b7100000] [id=14488]
  0x00000273f9911000 ConcurrentGCThread "G1 Main Marker" [stack: 0x000000a5b5f00000,0x000000a5b6000000] [id=7728]
  0x00000273f9915000 ConcurrentGCThread "G1 Conc#0" [stack: 0x000000a5b6000000,0x000000a5b6100000] [id=13880]
  0x00000273f99bd800 ConcurrentGCThread "G1 Refine#0" [stack: 0x000000a5b6100000,0x000000a5b6200000] [id=13192]
  0x00000273fd058800 ConcurrentGCThread "G1 Young RemSet Sampling" [stack: 0x000000a5b6200000,0x000000a5b6300000] [id=18968]

Threads with active compile tasks:
C2 CompilerThread0  6100       4       java.beans.Introspector::addMethod (196 bytes)
C1 CompilerThread0  6150       3       kotlin.reflect.jvm.internal.impl.name.FqName::<init> (18 bytes)
C2 CompilerThread1  6141       4       java.net.URLStreamHandler::toExternalForm (156 bytes)

VM state:not at safepoint (normal execution)

VM Mutex/Monitor currently owned by a thread: None

Heap address: 0x00000000e0000000, size: 512 MB, Compressed Oops mode: 32-bit
Narrow klass base: 0x0000000800000000, Narrow klass shift: 3
Compressed class space size: 260046848 Address: 0x0000000801190000

Heap:
 garbage-first heap   total 262144K, used 93596K [0x00000000e0000000, 0x0000000100000000)
  region size 1024K, 53 young (54272K), 7 survivors (7168K)
 Metaspace       used 54831K, capacity 56284K, committed 56400K, reserved 303104K
  class space    used 7201K, capacity 7662K, committed 7680K, reserved 253952K
Heap Regions: E=young(eden), S=young(survivor), O=old, HS=humongous(starts), HC=humongous(continues), CS=collection set, F=free, A=archive, TAMS=top-at-mark-start (previous, next)
|   0|0x00000000e0000000, 0x00000000e0100000, 0x00000000e0100000|100%| O|  |TAMS 0x00000000e0100000, 0x00000000e0000000| Untracked 
|   1|0x00000000e0100000, 0x00000000e0200000, 0x00000000e0200000|100%| O|  |TAMS 0x00000000e0200000, 0x00000000e0100000| Untracked 
|   2|0x00000000e0200000, 0x00000000e0300000, 0x00000000e0300000|100%|HS|  |TAMS 0x00000000e0300000, 0x00000000e0200000| Complete 
|   3|0x00000000e0300000, 0x00000000e0400000, 0x00000000e0400000|100%|HS|  |TAMS 0x00000000e0400000, 0x00000000e0300000| Complete 
|   4|0x00000000e0400000, 0x00000000e0500000, 0x00000000e0500000|100%|HC|  |TAMS 0x00000000e0500000, 0x00000000e0400000| Complete 
|   5|0x00000000e0500000, 0x00000000e0600000, 0x00000000e0600000|100%| O|  |TAMS 0x00000000e0600000, 0x00000000e0500000| Untracked 
|   6|0x00000000e0600000, 0x00000000e0700000, 0x00000000e0700000|100%| O|  |TAMS 0x00000000e0700000, 0x00000000e0600000| Untracked 
|   7|0x00000000e0700000, 0x00000000e0800000, 0x00000000e0800000|100%| O|  |TAMS 0x00000000e0800000, 0x00000000e0700000| Untracked 
|   8|0x00000000e0800000, 0x00000000e0900000, 0x00000000e0900000|100%| O|  |TAMS 0x00000000e0900000, 0x00000000e0800000| Untracked 
|   9|0x00000000e0900000, 0x00000000e0a00000, 0x00000000e0a00000|100%| O|  |TAMS 0x00000000e0a00000, 0x00000000e0900000| Untracked 
|  10|0x00000000e0a00000, 0x00000000e0b00000, 0x00000000e0b00000|100%| O|  |TAMS 0x00000000e0b00000, 0x00000000e0a00000| Untracked 
|  11|0x00000000e0b00000, 0x00000000e0c00000, 0x00000000e0c00000|100%| O|  |TAMS 0x00000000e0c00000, 0x00000000e0b00000| Untracked 
|  12|0x00000000e0c00000, 0x00000000e0d00000, 0x00000000e0d00000|100%| O|  |TAMS 0x00000000e0d00000, 0x00000000e0c00000| Untracked 
|  13|0x00000000e0d00000, 0x00000000e0e00000, 0x00000000e0e00000|100%|HS|  |TAMS 0x00000000e0e00000, 0x00000000e0d00000| Complete 
|  14|0x00000000e0e00000, 0x00000000e0f00000, 0x00000000e0f00000|100%|HC|  |TAMS 0x00000000e0f00000, 0x00000000e0e00000| Complete 
|  15|0x00000000e0f00000, 0x00000000e1000000, 0x00000000e1000000|100%|HC|  |TAMS 0x00000000e1000000, 0x00000000e0f00000| Complete 
|  16|0x00000000e1000000, 0x00000000e1100000, 0x00000000e1100000|100%| O|  |TAMS 0x00000000e1100000, 0x00000000e1000000| Untracked 
|  17|0x00000000e1100000, 0x00000000e1200000, 0x00000000e1200000|100%| O|  |TAMS 0x00000000e1200000, 0x00000000e1100000| Untracked 
|  18|0x00000000e1200000, 0x00000000e1300000, 0x00000000e1300000|100%|HS|  |TAMS 0x00000000e1300000, 0x00000000e1200000| Complete 
|  19|0x00000000e1300000, 0x00000000e1400000, 0x00000000e1400000|100%|HC|  |TAMS 0x00000000e1400000, 0x00000000e1300000| Complete 
|  20|0x00000000e1400000, 0x00000000e1500000, 0x00000000e1500000|100%|HS|  |TAMS 0x00000000e1500000, 0x00000000e1400000| Complete 
|  21|0x00000000e1500000, 0x00000000e1600000, 0x00000000e1600000|100%|HC|  |TAMS 0x00000000e1600000, 0x00000000e1500000| Complete 
|  22|0x00000000e1600000, 0x00000000e1700000, 0x00000000e1700000|100%| O|  |TAMS 0x00000000e1700000, 0x00000000e1600000| Untracked 
|  23|0x00000000e1700000, 0x00000000e1800000, 0x00000000e1800000|100%| O|  |TAMS 0x00000000e1800000, 0x00000000e1700000| Untracked 
|  24|0x00000000e1800000, 0x00000000e1900000, 0x00000000e1900000|100%| O|  |TAMS 0x00000000e1900000, 0x00000000e1800000| Untracked 
|  25|0x00000000e1900000, 0x00000000e1a00000, 0x00000000e1a00000|100%| O|  |TAMS 0x00000000e1956200, 0x00000000e1900000| Untracked 
|  26|0x00000000e1a00000, 0x00000000e1a00000, 0x00000000e1b00000|  0%| F|  |TAMS 0x00000000e1a00000, 0x00000000e1a00000| Untracked 
|  27|0x00000000e1b00000, 0x00000000e1c00000, 0x00000000e1c00000|100%| O|  |TAMS 0x00000000e1b00000, 0x00000000e1b00000| Untracked 
|  28|0x00000000e1c00000, 0x00000000e1d00000, 0x00000000e1d00000|100%| O|  |TAMS 0x00000000e1c00000, 0x00000000e1c00000| Untracked 
|  29|0x00000000e1d00000, 0x00000000e1e00000, 0x00000000e1e00000|100%| O|  |TAMS 0x00000000e1d00000, 0x00000000e1d00000| Untracked 
|  30|0x00000000e1e00000, 0x00000000e1f00000, 0x00000000e1f00000|100%| O|  |TAMS 0x00000000e1e00000, 0x00000000e1e00000| Untracked 
|  31|0x00000000e1f00000, 0x00000000e2000000, 0x00000000e2000000|100%| O|  |TAMS 0x00000000e1f00000, 0x00000000e1f00000| Untracked 
|  32|0x00000000e2000000, 0x00000000e2100000, 0x00000000e2100000|100%| O|  |TAMS 0x00000000e2000000, 0x00000000e2000000| Untracked 
|  33|0x00000000e2100000, 0x00000000e2200000, 0x00000000e2200000|100%| O|  |TAMS 0x00000000e2100000, 0x00000000e2100000| Untracked 
|  34|0x00000000e2200000, 0x00000000e2300000, 0x00000000e2300000|100%| O|  |TAMS 0x00000000e2200000, 0x00000000e2200000| Untracked 
|  35|0x00000000e2300000, 0x00000000e2400000, 0x00000000e2400000|100%| O|  |TAMS 0x00000000e2300000, 0x00000000e2300000| Untracked 
|  36|0x00000000e2400000, 0x00000000e2500000, 0x00000000e2500000|100%| O|  |TAMS 0x00000000e2400000, 0x00000000e2400000| Untracked 
|  37|0x00000000e2500000, 0x00000000e2600000, 0x00000000e2600000|100%| O|  |TAMS 0x00000000e2500000, 0x00000000e2500000| Untracked 
|  38|0x00000000e2600000, 0x00000000e2700000, 0x00000000e2700000|100%| O|  |TAMS 0x00000000e2600000, 0x00000000e2600000| Untracked 
|  39|0x00000000e2700000, 0x00000000e2800000, 0x00000000e2800000|100%| O|  |TAMS 0x00000000e2700000, 0x00000000e2700000| Untracked 
|  40|0x00000000e2800000, 0x00000000e2871a00, 0x00000000e2900000| 44%| O|  |TAMS 0x00000000e2800000, 0x00000000e2800000| Untracked 
|  41|0x00000000e2900000, 0x00000000e2900000, 0x00000000e2a00000|  0%| F|  |TAMS 0x00000000e2900000, 0x00000000e2900000| Untracked 
|  42|0x00000000e2a00000, 0x00000000e2a00000, 0x00000000e2b00000|  0%| F|  |TAMS 0x00000000e2a00000, 0x00000000e2a00000| Untracked 
|  43|0x00000000e2b00000, 0x00000000e2b00000, 0x00000000e2c00000|  0%| F|  |TAMS 0x00000000e2b00000, 0x00000000e2b00000| Untracked 
|  44|0x00000000e2c00000, 0x00000000e2c00000, 0x00000000e2d00000|  0%| F|  |TAMS 0x00000000e2c00000, 0x00000000e2c00000| Untracked 
|  45|0x00000000e2d00000, 0x00000000e2d00000, 0x00000000e2e00000|  0%| F|  |TAMS 0x00000000e2d00000, 0x00000000e2d00000| Untracked 
|  46|0x00000000e2e00000, 0x00000000e2e00000, 0x00000000e2f00000|  0%| F|  |TAMS 0x00000000e2e00000, 0x00000000e2e00000| Untracked 
|  47|0x00000000e2f00000, 0x00000000e2f00000, 0x00000000e3000000|  0%| F|  |TAMS 0x00000000e2f00000, 0x00000000e2f00000| Untracked 
|  48|0x00000000e3000000, 0x00000000e3000000, 0x00000000e3100000|  0%| F|  |TAMS 0x00000000e3000000, 0x00000000e3000000| Untracked 
|  49|0x00000000e3100000, 0x00000000e3100000, 0x00000000e3200000|  0%| F|  |TAMS 0x00000000e3100000, 0x00000000e3100000| Untracked 
|  50|0x00000000e3200000, 0x00000000e3200000, 0x00000000e3300000|  0%| F|  |TAMS 0x00000000e3200000, 0x00000000e3200000| Untracked 
|  51|0x00000000e3300000, 0x00000000e3300000, 0x00000000e3400000|  0%| F|  |TAMS 0x00000000e3300000, 0x00000000e3300000| Untracked 
|  52|0x00000000e3400000, 0x00000000e3400000, 0x00000000e3500000|  0%| F|  |TAMS 0x00000000e3400000, 0x00000000e3400000| Untracked 
|  53|0x00000000e3500000, 0x00000000e3500000, 0x00000000e3600000|  0%| F|  |TAMS 0x00000000e3500000, 0x00000000e3500000| Untracked 
|  54|0x00000000e3600000, 0x00000000e3600000, 0x00000000e3700000|  0%| F|  |TAMS 0x00000000e3600000, 0x00000000e3600000| Untracked 
|  55|0x00000000e3700000, 0x00000000e3700000, 0x00000000e3800000|  0%| F|  |TAMS 0x00000000e3700000, 0x00000000e3700000| Untracked 
|  56|0x00000000e3800000, 0x00000000e3800000, 0x00000000e3900000|  0%| F|  |TAMS 0x00000000e3800000, 0x00000000e3800000| Untracked 
|  57|0x00000000e3900000, 0x00000000e3900000, 0x00000000e3a00000|  0%| F|  |TAMS 0x00000000e3900000, 0x00000000e3900000| Untracked 
|  58|0x00000000e3a00000, 0x00000000e3a00000, 0x00000000e3b00000|  0%| F|  |TAMS 0x00000000e3a00000, 0x00000000e3a00000| Untracked 
|  59|0x00000000e3b00000, 0x00000000e3b00000, 0x00000000e3c00000|  0%| F|  |TAMS 0x00000000e3b00000, 0x00000000e3b00000| Untracked 
|  60|0x00000000e3c00000, 0x00000000e3c00000, 0x00000000e3d00000|  0%| F|  |TAMS 0x00000000e3c00000, 0x00000000e3c00000| Untracked 
|  61|0x00000000e3d00000, 0x00000000e3d00000, 0x00000000e3e00000|  0%| F|  |TAMS 0x00000000e3d00000, 0x00000000e3d00000| Untracked 
|  62|0x00000000e3e00000, 0x00000000e3e00000, 0x00000000e3f00000|  0%| F|  |TAMS 0x00000000e3e00000, 0x00000000e3e00000| Untracked 
|  63|0x00000000e3f00000, 0x00000000e3f00000, 0x00000000e4000000|  0%| F|  |TAMS 0x00000000e3f00000, 0x00000000e3f00000| Untracked 
|  64|0x00000000e4000000, 0x00000000e4000000, 0x00000000e4100000|  0%| F|  |TAMS 0x00000000e4000000, 0x00000000e4000000| Untracked 
|  65|0x00000000e4100000, 0x00000000e4100000, 0x00000000e4200000|  0%| F|  |TAMS 0x00000000e4100000, 0x00000000e4100000| Untracked 
|  66|0x00000000e4200000, 0x00000000e4200000, 0x00000000e4300000|  0%| F|  |TAMS 0x00000000e4200000, 0x00000000e4200000| Untracked 
|  67|0x00000000e4300000, 0x00000000e4300000, 0x00000000e4400000|  0%| F|  |TAMS 0x00000000e4300000, 0x00000000e4300000| Untracked 
|  68|0x00000000e4400000, 0x00000000e4400000, 0x00000000e4500000|  0%| F|  |TAMS 0x00000000e4400000, 0x00000000e4400000| Untracked 
|  69|0x00000000e4500000, 0x00000000e4500000, 0x00000000e4600000|  0%| F|  |TAMS 0x00000000e4500000, 0x00000000e4500000| Untracked 
|  70|0x00000000e4600000, 0x00000000e4600000, 0x00000000e4700000|  0%| F|  |TAMS 0x00000000e4600000, 0x00000000e4600000| Untracked 
|  71|0x00000000e4700000, 0x00000000e4700000, 0x00000000e4800000|  0%| F|  |TAMS 0x00000000e4700000, 0x00000000e4700000| Untracked 
|  72|0x00000000e4800000, 0x00000000e4800000, 0x00000000e4900000|  0%| F|  |TAMS 0x00000000e4800000, 0x00000000e4800000| Untracked 
|  73|0x00000000e4900000, 0x00000000e4900000, 0x00000000e4a00000|  0%| F|  |TAMS 0x00000000e4900000, 0x00000000e4900000| Untracked 
|  74|0x00000000e4a00000, 0x00000000e4a00000, 0x00000000e4b00000|  0%| F|  |TAMS 0x00000000e4a00000, 0x00000000e4a00000| Untracked 
|  75|0x00000000e4b00000, 0x00000000e4b00000, 0x00000000e4c00000|  0%| F|  |TAMS 0x00000000e4b00000, 0x00000000e4b00000| Untracked 
|  76|0x00000000e4c00000, 0x00000000e4c00000, 0x00000000e4d00000|  0%| F|  |TAMS 0x00000000e4c00000, 0x00000000e4c00000| Untracked 
|  77|0x00000000e4d00000, 0x00000000e4d00000, 0x00000000e4e00000|  0%| F|  |TAMS 0x00000000e4d00000, 0x00000000e4d00000| Untracked 
|  78|0x00000000e4e00000, 0x00000000e4e00000, 0x00000000e4f00000|  0%| F|  |TAMS 0x00000000e4e00000, 0x00000000e4e00000| Untracked 
|  79|0x00000000e4f00000, 0x00000000e4f00000, 0x00000000e5000000|  0%| F|  |TAMS 0x00000000e4f00000, 0x00000000e4f00000| Untracked 
|  80|0x00000000e5000000, 0x00000000e5000000, 0x00000000e5100000|  0%| F|  |TAMS 0x00000000e5000000, 0x00000000e5000000| Untracked 
|  81|0x00000000e5100000, 0x00000000e5100000, 0x00000000e5200000|  0%| F|  |TAMS 0x00000000e5100000, 0x00000000e5100000| Untracked 
|  82|0x00000000e5200000, 0x00000000e5200000, 0x00000000e5300000|  0%| F|  |TAMS 0x00000000e5200000, 0x00000000e5200000| Untracked 
|  83|0x00000000e5300000, 0x00000000e5300000, 0x00000000e5400000|  0%| F|  |TAMS 0x00000000e5300000, 0x00000000e5300000| Untracked 
|  84|0x00000000e5400000, 0x00000000e5400000, 0x00000000e5500000|  0%| F|  |TAMS 0x00000000e5400000, 0x00000000e5400000| Untracked 
|  85|0x00000000e5500000, 0x00000000e5500000, 0x00000000e5600000|  0%| F|  |TAMS 0x00000000e5500000, 0x00000000e5500000| Untracked 
|  86|0x00000000e5600000, 0x00000000e5600000, 0x00000000e5700000|  0%| F|  |TAMS 0x00000000e5600000, 0x00000000e5600000| Untracked 
|  87|0x00000000e5700000, 0x00000000e5700000, 0x00000000e5800000|  0%| F|  |TAMS 0x00000000e5700000, 0x00000000e5700000| Untracked 
|  88|0x00000000e5800000, 0x00000000e5800000, 0x00000000e5900000|  0%| F|  |TAMS 0x00000000e5800000, 0x00000000e5800000| Untracked 
|  89|0x00000000e5900000, 0x00000000e5900000, 0x00000000e5a00000|  0%| F|  |TAMS 0x00000000e5900000, 0x00000000e5900000| Untracked 
|  90|0x00000000e5a00000, 0x00000000e5a00000, 0x00000000e5b00000|  0%| F|  |TAMS 0x00000000e5a00000, 0x00000000e5a00000| Untracked 
|  91|0x00000000e5b00000, 0x00000000e5b00000, 0x00000000e5c00000|  0%| F|  |TAMS 0x00000000e5b00000, 0x00000000e5b00000| Untracked 
|  92|0x00000000e5c00000, 0x00000000e5c00000, 0x00000000e5d00000|  0%| F|  |TAMS 0x00000000e5c00000, 0x00000000e5c00000| Untracked 
|  93|0x00000000e5d00000, 0x00000000e5d00000, 0x00000000e5e00000|  0%| F|  |TAMS 0x00000000e5d00000, 0x00000000e5d00000| Untracked 
|  94|0x00000000e5e00000, 0x00000000e5e00000, 0x00000000e5f00000|  0%| F|  |TAMS 0x00000000e5e00000, 0x00000000e5e00000| Untracked 
|  95|0x00000000e5f00000, 0x00000000e5f00000, 0x00000000e6000000|  0%| F|  |TAMS 0x00000000e5f00000, 0x00000000e5f00000| Untracked 
|  96|0x00000000e6000000, 0x00000000e6000000, 0x00000000e6100000|  0%| F|  |TAMS 0x00000000e6000000, 0x00000000e6000000| Untracked 
|  97|0x00000000e6100000, 0x00000000e6100000, 0x00000000e6200000|  0%| F|  |TAMS 0x00000000e6100000, 0x00000000e6100000| Untracked 
|  98|0x00000000e6200000, 0x00000000e6200000, 0x00000000e6300000|  0%| F|  |TAMS 0x00000000e6200000, 0x00000000e6200000| Untracked 
|  99|0x00000000e6300000, 0x00000000e6300000, 0x00000000e6400000|  0%| F|  |TAMS 0x00000000e6300000, 0x00000000e6300000| Untracked 
| 100|0x00000000e6400000, 0x00000000e6400000, 0x00000000e6500000|  0%| F|  |TAMS 0x00000000e6400000, 0x00000000e6400000| Untracked 
| 101|0x00000000e6500000, 0x00000000e6500000, 0x00000000e6600000|  0%| F|  |TAMS 0x00000000e6500000, 0x00000000e6500000| Untracked 
| 102|0x00000000e6600000, 0x00000000e6600000, 0x00000000e6700000|  0%| F|  |TAMS 0x00000000e6600000, 0x00000000e6600000| Untracked 
| 103|0x00000000e6700000, 0x00000000e6700000, 0x00000000e6800000|  0%| F|  |TAMS 0x00000000e6700000, 0x00000000e6700000| Untracked 
| 104|0x00000000e6800000, 0x00000000e6800000, 0x00000000e6900000|  0%| F|  |TAMS 0x00000000e6800000, 0x00000000e6800000| Untracked 
| 105|0x00000000e6900000, 0x00000000e6900000, 0x00000000e6a00000|  0%| F|  |TAMS 0x00000000e6900000, 0x00000000e6900000| Untracked 
| 106|0x00000000e6a00000, 0x00000000e6a00000, 0x00000000e6b00000|  0%| F|  |TAMS 0x00000000e6a00000, 0x00000000e6a00000| Untracked 
| 107|0x00000000e6b00000, 0x00000000e6b00000, 0x00000000e6c00000|  0%| F|  |TAMS 0x00000000e6b00000, 0x00000000e6b00000| Untracked 
| 108|0x00000000e6c00000, 0x00000000e6c00000, 0x00000000e6d00000|  0%| F|  |TAMS 0x00000000e6c00000, 0x00000000e6c00000| Untracked 
| 109|0x00000000e6d00000, 0x00000000e6d00000, 0x00000000e6e00000|  0%| F|  |TAMS 0x00000000e6d00000, 0x00000000e6d00000| Untracked 
| 110|0x00000000e6e00000, 0x00000000e6e00000, 0x00000000e6f00000|  0%| F|  |TAMS 0x00000000e6e00000, 0x00000000e6e00000| Untracked 
| 111|0x00000000e6f00000, 0x00000000e6f00000, 0x00000000e7000000|  0%| F|  |TAMS 0x00000000e6f00000, 0x00000000e6f00000| Untracked 
| 112|0x00000000e7000000, 0x00000000e7000000, 0x00000000e7100000|  0%| F|  |TAMS 0x00000000e7000000, 0x00000000e7000000| Untracked 
| 113|0x00000000e7100000, 0x00000000e7100000, 0x00000000e7200000|  0%| F|  |TAMS 0x00000000e7100000, 0x00000000e7100000| Untracked 
| 114|0x00000000e7200000, 0x00000000e7200000, 0x00000000e7300000|  0%| F|  |TAMS 0x00000000e7200000, 0x00000000e7200000| Untracked 
| 115|0x00000000e7300000, 0x00000000e7300000, 0x00000000e7400000|  0%| F|  |TAMS 0x00000000e7300000, 0x00000000e7300000| Untracked 
| 116|0x00000000e7400000, 0x00000000e7400000, 0x00000000e7500000|  0%| F|  |TAMS 0x00000000e7400000, 0x00000000e7400000| Untracked 
| 117|0x00000000e7500000, 0x00000000e7500000, 0x00000000e7600000|  0%| F|  |TAMS 0x00000000e7500000, 0x00000000e7500000| Untracked 
| 118|0x00000000e7600000, 0x00000000e7600000, 0x00000000e7700000|  0%| F|  |TAMS 0x00000000e7600000, 0x00000000e7600000| Untracked 
| 119|0x00000000e7700000, 0x00000000e7700000, 0x00000000e7800000|  0%| F|  |TAMS 0x00000000e7700000, 0x00000000e7700000| Untracked 
| 120|0x00000000e7800000, 0x00000000e7800000, 0x00000000e7900000|  0%| F|  |TAMS 0x00000000e7800000, 0x00000000e7800000| Untracked 
| 121|0x00000000e7900000, 0x00000000e7900000, 0x00000000e7a00000|  0%| F|  |TAMS 0x00000000e7900000, 0x00000000e7900000| Untracked 
| 122|0x00000000e7a00000, 0x00000000e7a00000, 0x00000000e7b00000|  0%| F|  |TAMS 0x00000000e7a00000, 0x00000000e7a00000| Untracked 
| 123|0x00000000e7b00000, 0x00000000e7b00000, 0x00000000e7c00000|  0%| F|  |TAMS 0x00000000e7b00000, 0x00000000e7b00000| Untracked 
| 124|0x00000000e7c00000, 0x00000000e7c00000, 0x00000000e7d00000|  0%| F|  |TAMS 0x00000000e7c00000, 0x00000000e7c00000| Untracked 
| 125|0x00000000e7d00000, 0x00000000e7d00000, 0x00000000e7e00000|  0%| F|  |TAMS 0x00000000e7d00000, 0x00000000e7d00000| Untracked 
| 126|0x00000000e7e00000, 0x00000000e7e00000, 0x00000000e7f00000|  0%| F|  |TAMS 0x00000000e7e00000, 0x00000000e7e00000| Untracked 
| 127|0x00000000e7f00000, 0x00000000e7f00000, 0x00000000e8000000|  0%| F|  |TAMS 0x00000000e7f00000, 0x00000000e7f00000| Untracked 
| 128|0x00000000e8000000, 0x00000000e8000000, 0x00000000e8100000|  0%| F|  |TAMS 0x00000000e8000000, 0x00000000e8000000| Untracked 
| 129|0x00000000e8100000, 0x00000000e8100000, 0x00000000e8200000|  0%| F|  |TAMS 0x00000000e8100000, 0x00000000e8100000| Untracked 
| 130|0x00000000e8200000, 0x00000000e8200000, 0x00000000e8300000|  0%| F|  |TAMS 0x00000000e8200000, 0x00000000e8200000| Untracked 
| 131|0x00000000e8300000, 0x00000000e8300000, 0x00000000e8400000|  0%| F|  |TAMS 0x00000000e8300000, 0x00000000e8300000| Untracked 
| 132|0x00000000e8400000, 0x00000000e8400000, 0x00000000e8500000|  0%| F|  |TAMS 0x00000000e8400000, 0x00000000e8400000| Untracked 
| 133|0x00000000e8500000, 0x00000000e8500000, 0x00000000e8600000|  0%| F|  |TAMS 0x00000000e8500000, 0x00000000e8500000| Untracked 
| 134|0x00000000e8600000, 0x00000000e8600000, 0x00000000e8700000|  0%| F|  |TAMS 0x00000000e8600000, 0x00000000e8600000| Untracked 
| 135|0x00000000e8700000, 0x00000000e8700000, 0x00000000e8800000|  0%| F|  |TAMS 0x00000000e8700000, 0x00000000e8700000| Untracked 
| 136|0x00000000e8800000, 0x00000000e8800000, 0x00000000e8900000|  0%| F|  |TAMS 0x00000000e8800000, 0x00000000e8800000| Untracked 
| 137|0x00000000e8900000, 0x00000000e8900000, 0x00000000e8a00000|  0%| F|  |TAMS 0x00000000e8900000, 0x00000000e8900000| Untracked 
| 138|0x00000000e8a00000, 0x00000000e8a00000, 0x00000000e8b00000|  0%| F|  |TAMS 0x00000000e8a00000, 0x00000000e8a00000| Untracked 
| 139|0x00000000e8b00000, 0x00000000e8b00000, 0x00000000e8c00000|  0%| F|  |TAMS 0x00000000e8b00000, 0x00000000e8b00000| Untracked 
| 140|0x00000000e8c00000, 0x00000000e8c00000, 0x00000000e8d00000|  0%| F|  |TAMS 0x00000000e8c00000, 0x00000000e8c00000| Untracked 
| 141|0x00000000e8d00000, 0x00000000e8d00000, 0x00000000e8e00000|  0%| F|  |TAMS 0x00000000e8d00000, 0x00000000e8d00000| Untracked 
| 142|0x00000000e8e00000, 0x00000000e8e00000, 0x00000000e8f00000|  0%| F|  |TAMS 0x00000000e8e00000, 0x00000000e8e00000| Untracked 
| 143|0x00000000e8f00000, 0x00000000e8f00000, 0x00000000e9000000|  0%| F|  |TAMS 0x00000000e8f00000, 0x00000000e8f00000| Untracked 
| 144|0x00000000e9000000, 0x00000000e9000000, 0x00000000e9100000|  0%| F|  |TAMS 0x00000000e9000000, 0x00000000e9000000| Untracked 
| 145|0x00000000e9100000, 0x00000000e9100000, 0x00000000e9200000|  0%| F|  |TAMS 0x00000000e9100000, 0x00000000e9100000| Untracked 
| 146|0x00000000e9200000, 0x00000000e9200000, 0x00000000e9300000|  0%| F|  |TAMS 0x00000000e9200000, 0x00000000e9200000| Untracked 
| 147|0x00000000e9300000, 0x00000000e9300000, 0x00000000e9400000|  0%| F|  |TAMS 0x00000000e9300000, 0x00000000e9300000| Untracked 
| 148|0x00000000e9400000, 0x00000000e9400000, 0x00000000e9500000|  0%| F|  |TAMS 0x00000000e9400000, 0x00000000e9400000| Untracked 
| 149|0x00000000e9500000, 0x00000000e9500000, 0x00000000e9600000|  0%| F|  |TAMS 0x00000000e9500000, 0x00000000e9500000| Untracked 
| 150|0x00000000e9600000, 0x00000000e9600000, 0x00000000e9700000|  0%| F|  |TAMS 0x00000000e9600000, 0x00000000e9600000| Untracked 
| 151|0x00000000e9700000, 0x00000000e9700000, 0x00000000e9800000|  0%| F|  |TAMS 0x00000000e9700000, 0x00000000e9700000| Untracked 
| 152|0x00000000e9800000, 0x00000000e9800000, 0x00000000e9900000|  0%| F|  |TAMS 0x00000000e9800000, 0x00000000e9800000| Untracked 
| 153|0x00000000e9900000, 0x00000000e9900000, 0x00000000e9a00000|  0%| F|  |TAMS 0x00000000e9900000, 0x00000000e9900000| Untracked 
| 154|0x00000000e9a00000, 0x00000000e9a00000, 0x00000000e9b00000|  0%| F|  |TAMS 0x00000000e9a00000, 0x00000000e9a00000| Untracked 
| 155|0x00000000e9b00000, 0x00000000e9b00000, 0x00000000e9c00000|  0%| F|  |TAMS 0x00000000e9b00000, 0x00000000e9b00000| Untracked 
| 156|0x00000000e9c00000, 0x00000000e9c00000, 0x00000000e9d00000|  0%| F|  |TAMS 0x00000000e9c00000, 0x00000000e9c00000| Untracked 
| 157|0x00000000e9d00000, 0x00000000e9d00000, 0x00000000e9e00000|  0%| F|  |TAMS 0x00000000e9d00000, 0x00000000e9d00000| Untracked 
| 158|0x00000000e9e00000, 0x00000000e9ef5800, 0x00000000e9f00000| 95%| S|CS|TAMS 0x00000000e9e00000, 0x00000000e9e00000| Complete 
| 159|0x00000000e9f00000, 0x00000000ea000000, 0x00000000ea000000|100%| S|CS|TAMS 0x00000000e9f00000, 0x00000000e9f00000| Complete 
| 160|0x00000000ea000000, 0x00000000ea100000, 0x00000000ea100000|100%| S|CS|TAMS 0x00000000ea000000, 0x00000000ea000000| Complete 
| 161|0x00000000ea100000, 0x00000000ea200000, 0x00000000ea200000|100%| S|CS|TAMS 0x00000000ea100000, 0x00000000ea100000| Complete 
| 162|0x00000000ea200000, 0x00000000ea300000, 0x00000000ea300000|100%| S|CS|TAMS 0x00000000ea200000, 0x00000000ea200000| Complete 
| 163|0x00000000ea300000, 0x00000000ea400000, 0x00000000ea400000|100%| S|CS|TAMS 0x00000000ea300000, 0x00000000ea300000| Complete 
| 164|0x00000000ea400000, 0x00000000ea500000, 0x00000000ea500000|100%| S|CS|TAMS 0x00000000ea400000, 0x00000000ea400000| Complete 
| 165|0x00000000ea500000, 0x00000000ea500000, 0x00000000ea600000|  0%| F|  |TAMS 0x00000000ea500000, 0x00000000ea500000| Untracked 
| 166|0x00000000ea600000, 0x00000000ea600000, 0x00000000ea700000|  0%| F|  |TAMS 0x00000000ea600000, 0x00000000ea600000| Untracked 
| 167|0x00000000ea700000, 0x00000000ea700000, 0x00000000ea800000|  0%| F|  |TAMS 0x00000000ea700000, 0x00000000ea700000| Untracked 
| 168|0x00000000ea800000, 0x00000000ea800000, 0x00000000ea900000|  0%| F|  |TAMS 0x00000000ea800000, 0x00000000ea800000| Untracked 
| 169|0x00000000ea900000, 0x00000000ea900000, 0x00000000eaa00000|  0%| F|  |TAMS 0x00000000ea900000, 0x00000000ea900000| Untracked 
| 170|0x00000000eaa00000, 0x00000000eaa00000, 0x00000000eab00000|  0%| F|  |TAMS 0x00000000eaa00000, 0x00000000eaa00000| Untracked 
| 171|0x00000000eab00000, 0x00000000eab00000, 0x00000000eac00000|  0%| F|  |TAMS 0x00000000eab00000, 0x00000000eab00000| Untracked 
| 172|0x00000000eac00000, 0x00000000eac00000, 0x00000000ead00000|  0%| F|  |TAMS 0x00000000eac00000, 0x00000000eac00000| Untracked 
| 173|0x00000000ead00000, 0x00000000ead00000, 0x00000000eae00000|  0%| F|  |TAMS 0x00000000ead00000, 0x00000000ead00000| Untracked 
| 174|0x00000000eae00000, 0x00000000eae00000, 0x00000000eaf00000|  0%| F|  |TAMS 0x00000000eae00000, 0x00000000eae00000| Untracked 
| 175|0x00000000eaf00000, 0x00000000eaf00000, 0x00000000eb000000|  0%| F|  |TAMS 0x00000000eaf00000, 0x00000000eaf00000| Untracked 
| 176|0x00000000eb000000, 0x00000000eb000000, 0x00000000eb100000|  0%| F|  |TAMS 0x00000000eb000000, 0x00000000eb000000| Untracked 
| 177|0x00000000eb100000, 0x00000000eb100000, 0x00000000eb200000|  0%| F|  |TAMS 0x00000000eb100000, 0x00000000eb100000| Untracked 
| 178|0x00000000eb200000, 0x00000000eb200000, 0x00000000eb300000|  0%| F|  |TAMS 0x00000000eb200000, 0x00000000eb200000| Untracked 
| 179|0x00000000eb300000, 0x00000000eb300000, 0x00000000eb400000|  0%| F|  |TAMS 0x00000000eb300000, 0x00000000eb300000| Untracked 
| 180|0x00000000eb400000, 0x00000000eb400000, 0x00000000eb500000|  0%| F|  |TAMS 0x00000000eb400000, 0x00000000eb400000| Untracked 
| 181|0x00000000eb500000, 0x00000000eb500000, 0x00000000eb600000|  0%| F|  |TAMS 0x00000000eb500000, 0x00000000eb500000| Untracked 
| 182|0x00000000eb600000, 0x00000000eb600000, 0x00000000eb700000|  0%| F|  |TAMS 0x00000000eb600000, 0x00000000eb600000| Untracked 
| 183|0x00000000eb700000, 0x00000000eb700000, 0x00000000eb800000|  0%| F|  |TAMS 0x00000000eb700000, 0x00000000eb700000| Untracked 
| 184|0x00000000eb800000, 0x00000000eb800000, 0x00000000eb900000|  0%| F|  |TAMS 0x00000000eb800000, 0x00000000eb800000| Untracked 
| 185|0x00000000eb900000, 0x00000000eb900000, 0x00000000eba00000|  0%| F|  |TAMS 0x00000000eb900000, 0x00000000eb900000| Untracked 
| 186|0x00000000eba00000, 0x00000000eba00000, 0x00000000ebb00000|  0%| F|  |TAMS 0x00000000eba00000, 0x00000000eba00000| Untracked 
| 187|0x00000000ebb00000, 0x00000000ebb00000, 0x00000000ebc00000|  0%| F|  |TAMS 0x00000000ebb00000, 0x00000000ebb00000| Untracked 
| 188|0x00000000ebc00000, 0x00000000ebc00000, 0x00000000ebd00000|  0%| F|  |TAMS 0x00000000ebc00000, 0x00000000ebc00000| Untracked 
| 189|0x00000000ebd00000, 0x00000000ebd00000, 0x00000000ebe00000|  0%| F|  |TAMS 0x00000000ebd00000, 0x00000000ebd00000| Untracked 
| 190|0x00000000ebe00000, 0x00000000ebe00000, 0x00000000ebf00000|  0%| F|  |TAMS 0x00000000ebe00000, 0x00000000ebe00000| Untracked 
| 191|0x00000000ebf00000, 0x00000000ebf00000, 0x00000000ec000000|  0%| F|  |TAMS 0x00000000ebf00000, 0x00000000ebf00000| Untracked 
| 192|0x00000000ec000000, 0x00000000ec000000, 0x00000000ec100000|  0%| F|  |TAMS 0x00000000ec000000, 0x00000000ec000000| Untracked 
| 193|0x00000000ec100000, 0x00000000ec100000, 0x00000000ec200000|  0%| F|  |TAMS 0x00000000ec100000, 0x00000000ec100000| Untracked 
| 194|0x00000000ec200000, 0x00000000ec200000, 0x00000000ec300000|  0%| F|  |TAMS 0x00000000ec200000, 0x00000000ec200000| Untracked 
| 195|0x00000000ec300000, 0x00000000ec300000, 0x00000000ec400000|  0%| F|  |TAMS 0x00000000ec300000, 0x00000000ec300000| Untracked 
| 196|0x00000000ec400000, 0x00000000ec400000, 0x00000000ec500000|  0%| F|  |TAMS 0x00000000ec400000, 0x00000000ec400000| Untracked 
| 197|0x00000000ec500000, 0x00000000ec500000, 0x00000000ec600000|  0%| F|  |TAMS 0x00000000ec500000, 0x00000000ec500000| Untracked 
| 198|0x00000000ec600000, 0x00000000ec600000, 0x00000000ec700000|  0%| F|  |TAMS 0x00000000ec600000, 0x00000000ec600000| Untracked 
| 199|0x00000000ec700000, 0x00000000ec700000, 0x00000000ec800000|  0%| F|  |TAMS 0x00000000ec700000, 0x00000000ec700000| Untracked 
| 200|0x00000000ec800000, 0x00000000ec800000, 0x00000000ec900000|  0%| F|  |TAMS 0x00000000ec800000, 0x00000000ec800000| Untracked 
| 201|0x00000000ec900000, 0x00000000ec900000, 0x00000000eca00000|  0%| F|  |TAMS 0x00000000ec900000, 0x00000000ec900000| Untracked 
| 202|0x00000000eca00000, 0x00000000eca00000, 0x00000000ecb00000|  0%| F|  |TAMS 0x00000000eca00000, 0x00000000eca00000| Untracked 
| 203|0x00000000ecb00000, 0x00000000ecb00000, 0x00000000ecc00000|  0%| F|  |TAMS 0x00000000ecb00000, 0x00000000ecb00000| Untracked 
| 204|0x00000000ecc00000, 0x00000000ecc00000, 0x00000000ecd00000|  0%| F|  |TAMS 0x00000000ecc00000, 0x00000000ecc00000| Untracked 
| 205|0x00000000ecd00000, 0x00000000ecd00000, 0x00000000ece00000|  0%| F|  |TAMS 0x00000000ecd00000, 0x00000000ecd00000| Untracked 
| 206|0x00000000ece00000, 0x00000000ece00000, 0x00000000ecf00000|  0%| F|  |TAMS 0x00000000ece00000, 0x00000000ece00000| Untracked 
| 207|0x00000000ecf00000, 0x00000000ecf00000, 0x00000000ed000000|  0%| F|  |TAMS 0x00000000ecf00000, 0x00000000ecf00000| Untracked 
| 208|0x00000000ed000000, 0x00000000ed000000, 0x00000000ed100000|  0%| F|  |TAMS 0x00000000ed000000, 0x00000000ed000000| Untracked 
| 209|0x00000000ed100000, 0x00000000ed180800, 0x00000000ed200000| 50%| E|  |TAMS 0x00000000ed100000, 0x00000000ed100000| Complete 
| 210|0x00000000ed200000, 0x00000000ed300000, 0x00000000ed300000|100%| E|CS|TAMS 0x00000000ed200000, 0x00000000ed200000| Complete 
| 211|0x00000000ed300000, 0x00000000ed400000, 0x00000000ed400000|100%| E|CS|TAMS 0x00000000ed300000, 0x00000000ed300000| Complete 
| 212|0x00000000ed400000, 0x00000000ed500000, 0x00000000ed500000|100%| E|CS|TAMS 0x00000000ed400000, 0x00000000ed400000| Complete 
| 213|0x00000000ed500000, 0x00000000ed600000, 0x00000000ed600000|100%| E|CS|TAMS 0x00000000ed500000, 0x00000000ed500000| Complete 
| 214|0x00000000ed600000, 0x00000000ed700000, 0x00000000ed700000|100%| E|CS|TAMS 0x00000000ed600000, 0x00000000ed600000| Complete 
| 215|0x00000000ed700000, 0x00000000ed800000, 0x00000000ed800000|100%| E|CS|TAMS 0x00000000ed700000, 0x00000000ed700000| Complete 
| 216|0x00000000ed800000, 0x00000000ed900000, 0x00000000ed900000|100%| E|CS|TAMS 0x00000000ed800000, 0x00000000ed800000| Complete 
| 217|0x00000000ed900000, 0x00000000eda00000, 0x00000000eda00000|100%| E|CS|TAMS 0x00000000ed900000, 0x00000000ed900000| Complete 
| 218|0x00000000eda00000, 0x00000000edb00000, 0x00000000edb00000|100%| E|CS|TAMS 0x00000000eda00000, 0x00000000eda00000| Complete 
| 219|0x00000000edb00000, 0x00000000edc00000, 0x00000000edc00000|100%| E|CS|TAMS 0x00000000edb00000, 0x00000000edb00000| Complete 
| 220|0x00000000edc00000, 0x00000000edd00000, 0x00000000edd00000|100%| E|CS|TAMS 0x00000000edc00000, 0x00000000edc00000| Complete 
| 221|0x00000000edd00000, 0x00000000ede00000, 0x00000000ede00000|100%| E|CS|TAMS 0x00000000edd00000, 0x00000000edd00000| Complete 
| 222|0x00000000ede00000, 0x00000000edf00000, 0x00000000edf00000|100%| E|CS|TAMS 0x00000000ede00000, 0x00000000ede00000| Complete 
| 223|0x00000000edf00000, 0x00000000ee000000, 0x00000000ee000000|100%| E|CS|TAMS 0x00000000edf00000, 0x00000000edf00000| Complete 
| 224|0x00000000ee000000, 0x00000000ee100000, 0x00000000ee100000|100%| E|CS|TAMS 0x00000000ee000000, 0x00000000ee000000| Complete 
| 225|0x00000000ee100000, 0x00000000ee200000, 0x00000000ee200000|100%| E|CS|TAMS 0x00000000ee100000, 0x00000000ee100000| Complete 
| 226|0x00000000ee200000, 0x00000000ee300000, 0x00000000ee300000|100%| E|CS|TAMS 0x00000000ee200000, 0x00000000ee200000| Complete 
| 227|0x00000000ee300000, 0x00000000ee400000, 0x00000000ee400000|100%| E|CS|TAMS 0x00000000ee300000, 0x00000000ee300000| Complete 
| 228|0x00000000ee400000, 0x00000000ee500000, 0x00000000ee500000|100%| E|CS|TAMS 0x00000000ee400000, 0x00000000ee400000| Complete 
| 229|0x00000000ee500000, 0x00000000ee600000, 0x00000000ee600000|100%| E|CS|TAMS 0x00000000ee500000, 0x00000000ee500000| Complete 
| 230|0x00000000ee600000, 0x00000000ee700000, 0x00000000ee700000|100%| E|CS|TAMS 0x00000000ee600000, 0x00000000ee600000| Complete 
| 231|0x00000000ee700000, 0x00000000ee800000, 0x00000000ee800000|100%| E|CS|TAMS 0x00000000ee700000, 0x00000000ee700000| Complete 
| 232|0x00000000ee800000, 0x00000000ee900000, 0x00000000ee900000|100%| E|CS|TAMS 0x00000000ee800000, 0x00000000ee800000| Complete 
| 233|0x00000000ee900000, 0x00000000eea00000, 0x00000000eea00000|100%| E|CS|TAMS 0x00000000ee900000, 0x00000000ee900000| Complete 
| 234|0x00000000eea00000, 0x00000000eeb00000, 0x00000000eeb00000|100%| E|CS|TAMS 0x00000000eea00000, 0x00000000eea00000| Complete 
| 235|0x00000000eeb00000, 0x00000000eec00000, 0x00000000eec00000|100%| E|CS|TAMS 0x00000000eeb00000, 0x00000000eeb00000| Complete 
| 236|0x00000000eec00000, 0x00000000eed00000, 0x00000000eed00000|100%| E|CS|TAMS 0x00000000eec00000, 0x00000000eec00000| Complete 
| 237|0x00000000eed00000, 0x00000000eee00000, 0x00000000eee00000|100%| E|CS|TAMS 0x00000000eed00000, 0x00000000eed00000| Complete 
| 238|0x00000000eee00000, 0x00000000eef00000, 0x00000000eef00000|100%| E|CS|TAMS 0x00000000eee00000, 0x00000000eee00000| Complete 
| 239|0x00000000eef00000, 0x00000000ef000000, 0x00000000ef000000|100%| E|CS|TAMS 0x00000000eef00000, 0x00000000eef00000| Complete 
| 240|0x00000000ef000000, 0x00000000ef100000, 0x00000000ef100000|100%| E|CS|TAMS 0x00000000ef000000, 0x00000000ef000000| Complete 
| 241|0x00000000ef100000, 0x00000000ef200000, 0x00000000ef200000|100%| E|CS|TAMS 0x00000000ef100000, 0x00000000ef100000| Complete 
| 242|0x00000000ef200000, 0x00000000ef300000, 0x00000000ef300000|100%| E|CS|TAMS 0x00000000ef200000, 0x00000000ef200000| Complete 
| 243|0x00000000ef300000, 0x00000000ef400000, 0x00000000ef400000|100%| E|CS|TAMS 0x00000000ef300000, 0x00000000ef300000| Complete 
| 244|0x00000000ef400000, 0x00000000ef500000, 0x00000000ef500000|100%| E|CS|TAMS 0x00000000ef400000, 0x00000000ef400000| Complete 
| 245|0x00000000ef500000, 0x00000000ef600000, 0x00000000ef600000|100%| E|CS|TAMS 0x00000000ef500000, 0x00000000ef500000| Complete 
| 246|0x00000000ef600000, 0x00000000ef700000, 0x00000000ef700000|100%| E|CS|TAMS 0x00000000ef600000, 0x00000000ef600000| Complete 
| 247|0x00000000ef700000, 0x00000000ef800000, 0x00000000ef800000|100%| E|CS|TAMS 0x00000000ef700000, 0x00000000ef700000| Complete 
| 248|0x00000000ef800000, 0x00000000ef900000, 0x00000000ef900000|100%| E|CS|TAMS 0x00000000ef800000, 0x00000000ef800000| Complete 
| 249|0x00000000ef900000, 0x00000000efa00000, 0x00000000efa00000|100%| E|CS|TAMS 0x00000000ef900000, 0x00000000ef900000| Complete 
| 250|0x00000000efa00000, 0x00000000efb00000, 0x00000000efb00000|100%| E|CS|TAMS 0x00000000efa00000, 0x00000000efa00000| Complete 
| 251|0x00000000efb00000, 0x00000000efc00000, 0x00000000efc00000|100%| E|CS|TAMS 0x00000000efb00000, 0x00000000efb00000| Complete 
| 252|0x00000000efc00000, 0x00000000efd00000, 0x00000000efd00000|100%| E|CS|TAMS 0x00000000efc00000, 0x00000000efc00000| Complete 
| 253|0x00000000efd00000, 0x00000000efe00000, 0x00000000efe00000|100%| E|CS|TAMS 0x00000000efd00000, 0x00000000efd00000| Complete 
| 254|0x00000000efe00000, 0x00000000eff00000, 0x00000000eff00000|100%| E|CS|TAMS 0x00000000efe00000, 0x00000000efe00000| Complete 
| 255|0x00000000eff00000, 0x00000000f0000000, 0x00000000f0000000|100%| E|CS|TAMS 0x00000000eff00000, 0x00000000eff00000| Complete 

Card table byte_map: [0x00000273f99c0000,0x00000273f9ac0000] _byte_map_base: 0x00000273f92c0000

Marking Bits (Prev, Next): (CMBitMap*) 0x00000273f990d5a8, (CMBitMap*) 0x00000273f990d568
 Prev Bits: [0x00000273fa3c0000, 0x00000273fabc0000)
 Next Bits: [0x00000273f9bc0000, 0x00000273fa3c0000)

Polling page: 0x00000273f7760000

Metaspace:

Usage:
  Non-class:     47.54 MB capacity,    46.56 MB ( 98%) used,   898.84 KB (  2%) free+waste,   105.13 KB ( <1%) overhead. 
      Class:      7.51 MB capacity,     7.05 MB ( 94%) used,   429.48 KB (  6%) free+waste,    49.81 KB ( <1%) overhead. 
       Both:     55.06 MB capacity,    53.61 MB ( 97%) used,     1.30 MB (  2%) free+waste,   154.94 KB ( <1%) overhead. 

Virtual space:
  Non-class space:       48.00 MB reserved,      47.58 MB (>99%) committed 
      Class space:      248.00 MB reserved,       7.63 MB (  3%) committed 
             Both:      296.00 MB reserved,      55.20 MB ( 19%) committed 

Chunk freelists:
   Non-Class:  4.25 KB
       Class:  2.25 KB
        Both:  6.50 KB

CodeHeap 'non-profiled nmethods': size=120064Kb used=3199Kb max_used=3199Kb free=116864Kb
 bounds [0x000002738fdf0000, 0x0000027390110000, 0x0000027397330000]
CodeHeap 'profiled nmethods': size=120000Kb used=13077Kb max_used=13077Kb free=106922Kb
 bounds [0x00000273888c0000, 0x0000027389590000, 0x000002738fdf0000]
CodeHeap 'non-nmethods': size=5696Kb used=2287Kb max_used=2318Kb free=3408Kb
 bounds [0x0000027388330000, 0x00000273885a0000, 0x00000273888c0000]
 total_blobs=8393 nmethods=5713 adapters=776
 compilation: enabled
              stopped_count=0, restarted_count=0
 full_count=0

Compilation events (10 events):
Event: 144.804 Thread 0x00000273fd1d9000 nmethod 6137 0x0000027389587390 code [0x00000273895875c0, 0x0000027389587da0]
Event: 144.804 Thread 0x00000273fd1d9000 6139       3       java.lang.ThreadLocal$ThreadLocalMap::set (136 bytes)
Event: 144.805 Thread 0x00000273fd1d9000 nmethod 6139 0x0000027389587f90 code [0x0000027389588200, 0x0000027389588e70]
Event: 144.805 Thread 0x00000273fd1d9000 6138       3       com.google.common.collect.ImmutableMap::entrySet (5 bytes)
Event: 144.805 Thread 0x00000273fd1d9000 nmethod 6138 0x0000027389589290 code [0x0000027389589460, 0x00000273895896b0]
Event: 144.811 Thread 0x00000273fd1d9000 6140       1       org.gradle.api.internal.DefaultNamedDomainObjectCollection$AbstractNamedDomainObjectProvider::getName (5 bytes)
Event: 144.811 Thread 0x00000273fd1d9000 nmethod 6140 0x000002739010f090 code [0x000002739010f240, 0x000002739010f378]
Event: 144.812 Thread 0x00000273fedf9000 6141       4       java.net.URLStreamHandler::toExternalForm (156 bytes)
Event: 144.829 Thread 0x00000273fd1d9000 6142       3       kotlin.text.StringsKt__StringsJVMKt::startsWith$default (15 bytes)
Event: 144.829 Thread 0x00000273fd1d9000 nmethod 6142 0x0000027389589790 code [0x0000027389589960, 0x0000027389589b10]

GC Heap History (10 events):
Event: 3.746 GC heap before
{Heap before GC invocations=3 (full 0):
 garbage-first heap   total 262144K, used 56782K [0x00000000e0000000, 0x0000000100000000)
  region size 1024K, 47 young (48128K), 4 survivors (4096K)
 Metaspace       used 12829K, capacity 13231K, committed 13312K, reserved 266240K
  class space    used 1891K, capacity 2040K, committed 2048K, reserved 253952K
}
Event: 3.753 GC heap after
{Heap after GC invocations=4 (full 0):
 garbage-first heap   total 262144K, used 15305K [0x00000000e0000000, 0x0000000100000000)
  region size 1024K, 3 young (3072K), 3 survivors (3072K)
 Metaspace       used 12829K, capacity 13231K, committed 13312K, reserved 266240K
  class space    used 1891K, capacity 2040K, committed 2048K, reserved 253952K
}
Event: 5.247 GC heap before
{Heap before GC invocations=4 (full 0):
 garbage-first heap   total 262144K, used 54217K [0x00000000e0000000, 0x0000000100000000)
  region size 1024K, 42 young (43008K), 3 survivors (3072K)
 Metaspace       used 20686K, capacity 21125K, committed 21296K, reserved 272384K
  class space    used 2919K, capacity 3115K, committed 3200K, reserved 253952K
}
Event: 5.257 GC heap after
{Heap after GC invocations=5 (full 0):
 garbage-first heap   total 262144K, used 18360K [0x00000000e0000000, 0x0000000100000000)
  region size 1024K, 6 young (6144K), 6 survivors (6144K)
 Metaspace       used 20686K, capacity 21125K, committed 21296K, reserved 272384K
  class space    used 2919K, capacity 3115K, committed 3200K, reserved 253952K
}
Event: 137.600 GC heap before
{Heap before GC invocations=6 (full 0):
 garbage-first heap   total 262144K, used 80824K [0x00000000e0000000, 0x0000000100000000)
  region size 1024K, 65 young (66560K), 6 survivors (6144K)
 Metaspace       used 27650K, capacity 28324K, committed 28464K, reserved 278528K
  class space    used 3667K, capacity 3876K, committed 3968K, reserved 253952K
}
Event: 137.614 GC heap after
{Heap after GC invocations=7 (full 0):
 garbage-first heap   total 262144K, used 22615K [0x00000000e0000000, 0x0000000100000000)
  region size 1024K, 8 young (8192K), 8 survivors (8192K)
 Metaspace       used 27650K, capacity 28324K, committed 28464K, reserved 278528K
  class space    used 3667K, capacity 3876K, committed 3968K, reserved 253952K
}
Event: 141.051 GC heap before
{Heap before GC invocations=7 (full 0):
 garbage-first heap   total 262144K, used 129111K [0x00000000e0000000, 0x0000000100000000)
  region size 1024K, 107 young (109568K), 8 survivors (8192K)
 Metaspace       used 34748K, capacity 35808K, committed 35920K, reserved 286720K
  class space    used 4704K, capacity 5047K, committed 5120K, reserved 253952K
}
Event: 141.076 GC heap after
{Heap after GC invocations=8 (full 0):
 garbage-first heap   total 262144K, used 40280K [0x00000000e0000000, 0x0000000100000000)
  region size 1024K, 14 young (14336K), 14 survivors (14336K)
 Metaspace       used 34748K, capacity 35808K, committed 35920K, reserved 286720K
  class space    used 4704K, capacity 5047K, committed 5120K, reserved 253952K
}
Event: 143.651 GC heap before
{Heap before GC invocations=9 (full 0):
 garbage-first heap   total 262144K, used 133464K [0x00000000e0000000, 0x0000000100000000)
  region size 1024K, 105 young (107520K), 14 survivors (14336K)
 Metaspace       used 46895K, capacity 48302K, committed 48464K, reserved 296960K
  class space    used 6189K, capacity 6628K, committed 6656K, reserved 253952K
}
Event: 143.683 GC heap after
{Heap after GC invocations=10 (full 0):
 garbage-first heap   total 262144K, used 47516K [0x00000000e0000000, 0x0000000100000000)
  region size 1024K, 7 young (7168K), 7 survivors (7168K)
 Metaspace       used 46895K, capacity 48302K, committed 48464K, reserved 296960K
  class space    used 6189K, capacity 6628K, committed 6656K, reserved 253952K
}

Deoptimization events (10 events):
Event: 143.922 Thread 0x000002739734e800 Uncommon trap: reason=bimorphic_or_optimized_type_check action=maybe_recompile pc=0x000002738ffc2024 method=java.io.DataInputStream.readInt()I @ 4 c2
Event: 143.922 Thread 0x000002739734e800 Uncommon trap: reason=bimorphic_or_optimized_type_check action=maybe_recompile pc=0x000002738ffc2024 method=java.io.DataInputStream.readInt()I @ 4 c2
Event: 143.922 Thread 0x000002739734e800 Uncommon trap: reason=unstable_if action=reinterpret pc=0x0000027390083a90 method=java.lang.ClassLoader.preDefineClass(Ljava/lang/String;Ljava/security/ProtectionDomain;)Ljava/security/ProtectionDomain; @ 93 c2
Event: 143.990 Thread 0x000002739734e800 Uncommon trap: reason=unstable_if action=reinterpret pc=0x00000273900d1a28 method=java.io.DataInputStream.readUTF(Ljava/io/DataInput;)Ljava/lang/String; @ 31 c2
Event: 144.073 Thread 0x000002739734e800 Uncommon trap: reason=unstable_if action=reinterpret pc=0x000002738fe8cdd0 method=java.nio.Buffer.position(I)Ljava/nio/Buffer; @ 45 c2
Event: 144.074 Thread 0x000002739734e800 Uncommon trap: reason=unstable_if action=reinterpret pc=0x000002739004efe4 method=java.util.Properties.loadConvert([CII[C)Ljava/lang/String; @ 97 c2
Event: 144.143 Thread 0x000002739734e800 Uncommon trap: reason=unstable_if action=reinterpret pc=0x000002738ff80068 method=java.util.WeakHashMap.remove(Ljava/lang/Object;)Ljava/lang/Object; @ 94 c2
Event: 144.460 Thread 0x000002739734e800 Uncommon trap: reason=unstable_if action=reinterpret pc=0x00000273900daaa8 method=com.sun.org.apache.xerces.internal.impl.XMLEntityScanner.checkBeforeLoad(Lcom/sun/xml/internal/stream/Entity$ScannedEntity;II)I @ 18 c2
Event: 144.664 Thread 0x000002739734e800 Uncommon trap: reason=unstable_if action=reinterpret pc=0x00000273900b3c74 method=java.util.TreeMap.put(Ljava/lang/Object;Ljava/lang/Object;)Ljava/lang/Object; @ 163 c2
Event: 144.773 Thread 0x000002739734e800 Uncommon trap: reason=unstable_if action=reinterpret pc=0x0000027390108724 method=java.lang.ThreadLocal$ThreadLocalMap.cleanSomeSlots(II)Z @ 36 c2

Classes redefined (0 events):
No events

Internal exceptions (10 events):
Event: 144.709 Thread 0x000002739734e800 Exception <a 'java/lang/ClassNotFoundException'{0x00000000ed962898}: org/gradle/api/plugins/internal/DefaultBasePluginConventionBeanInfo> (0x00000000ed962898) thrown at [t:/workspace/open/src/hotspot/share/classfile/systemDictionary.cpp, line 235]
Event: 144.710 Thread 0x000002739734e800 Exception <a 'java/lang/ClassNotFoundException'{0x00000000ed977e88}: org/gradle/api/plugins/BasePluginConventionBeanInfo> (0x00000000ed977e88) thrown at [t:/workspace/open/src/hotspot/share/classfile/systemDictionary.cpp, line 235]
Event: 144.711 Thread 0x000002739734e800 Exception <a 'java/lang/ClassNotFoundException'{0x00000000ed9d11e0}: org/gradle/api/plugins/BasePluginConventionCustomizer> (0x00000000ed9d11e0) thrown at [t:/workspace/open/src/hotspot/share/classfile/systemDictionary.cpp, line 235]
Event: 144.717 Thread 0x000002739734e800 Exception <a 'java/lang/ClassNotFoundException'{0x00000000ed9f4f60}: org/gradle/api/plugins/internal/DefaultBasePluginConventionCustomizer> (0x00000000ed9f4f60) thrown at [t:/workspace/open/src/hotspot/share/classfile/systemDictionary.cpp, line 235]
Event: 144.723 Thread 0x000002739734e800 Exception <a 'java/lang/NoSuchMethodError'{0x00000000ed836400}: java.lang.invoke.DirectMethodHandle$Holder.invokeVirtual(Ljava/lang/Object;Ljava/lang/Object;)I> (0x00000000ed836400) thrown at [t:/workspace/open/src/hotspot/share/interpreter/linkResolver.c
Event: 144.798 Thread 0x000002739734e800 Exception <a 'java/lang/NoSuchMethodError'{0x00000000ed6b43b0}: java.lang.invoke.DirectMethodHandle$Holder.invokeStatic(Ljava/lang/Object;Ljava/lang/Object;Ljava/lang/Object;ILjava/lang/Object;)V> (0x00000000ed6b43b0) thrown at [t:/workspace/open/src/hots
Event: 144.799 Thread 0x000002739734e800 Exception <a 'java/lang/NoSuchMethodError'{0x00000000ed6bb4d0}: java.lang.invoke.DirectMethodHandle$Holder.invokeStatic(Ljava/lang/Object;Ljava/lang/Object;Ljava/lang/Object;I)Ljava/lang/Object;> (0x00000000ed6bb4d0) thrown at [t:/workspace/open/src/hotsp
Event: 144.799 Thread 0x000002739734e800 Exception <a 'java/lang/NoSuchMethodError'{0x00000000ed6bf7b0}: java.lang.invoke.DirectMethodHandle$Holder.invokeSpecial(Ljava/lang/Object;Ljava/lang/Object;Ljava/lang/Object;Ljava/lang/Object;I)Ljava/lang/Object;> (0x00000000ed6bf7b0) thrown at [t:/works
Event: 144.799 Thread 0x000002739734e800 Exception <a 'java/lang/NoSuchMethodError'{0x00000000ed6c3308}: java.lang.invoke.Invokers$Holder.linkToTargetMethod(Ljava/lang/Object;Ljava/lang/Object;ILjava/lang/Object;)Ljava/lang/Object;> (0x00000000ed6c3308) thrown at [t:/workspace/open/src/hotspot/s
Event: 144.802 Thread 0x000002739734e800 Exception <a 'java/lang/NoSuchMethodError'{0x00000000ed6d7230}: java.lang.invoke.DirectMethodHandle$Holder.newInvokeSpecial(Ljava/lang/Object;Ljava/lang/Object;Ljava/lang/Object;)Ljava/lang/Object;> (0x00000000ed6d7230) thrown at [t:/workspace/open/src/ho

Events (10 events):
Event: 144.842 loading class kotlin/reflect/jvm/internal/KClassImpl$Data$sealedSubclasses$2
Event: 144.842 loading class kotlin/reflect/jvm/internal/KClassImpl$Data$sealedSubclasses$2 done
Event: 144.843 loading class kotlin/reflect/jvm/internal/KClassImpl$Data$declaredNonStaticMembers$2
Event: 144.843 loading class kotlin/reflect/jvm/internal/KClassImpl$Data$declaredNonStaticMembers$2 done
Event: 144.843 loading class kotlin/reflect/jvm/internal/KClassImpl$Data$declaredStaticMembers$2
Event: 144.843 loading class kotlin/reflect/jvm/internal/KClassImpl$Data$declaredStaticMembers$2 done
Event: 144.844 loading class kotlin/reflect/jvm/internal/KClassImpl$Data$inheritedNonStaticMembers$2
Event: 144.844 loading class kotlin/reflect/jvm/internal/KClassImpl$Data$inheritedNonStaticMembers$2 done
Event: 144.844 loading class kotlin/reflect/jvm/internal/KClassImpl$Data$inheritedStaticMembers$2
Event: 144.844 loading class kotlin/reflect/jvm/internal/KClassImpl$Data$inheritedStaticMembers$2 done


Dynamic libraries:
0x00007ff7775e0000 - 0x00007ff7775ef000 	D:\develop\java\jdk-12.0.2\bin\java.exe
0x00007ffb328f0000 - 0x00007ffb32ad1000 	C:\WINDOWS\SYSTEM32\ntdll.dll
0x00007ffb31cf0000 - 0x00007ffb31da1000 	C:\WINDOWS\System32\KERNEL32.DLL
0x00007ffb2efb0000 - 0x00007ffb2f223000 	C:\WINDOWS\System32\KERNELBASE.dll
0x00007ffb2ecc0000 - 0x00007ffb2edb8000 	C:\WINDOWS\System32\ucrtbase.dll
0x00007ffb271e0000 - 0x00007ffb271f6000 	D:\develop\java\jdk-12.0.2\bin\VCRUNTIME140.dll
0x00007ffb27fe0000 - 0x00007ffb27ff8000 	D:\develop\java\jdk-12.0.2\bin\jli.dll
0x00007ffb32510000 - 0x00007ffb325b1000 	C:\WINDOWS\System32\ADVAPI32.dll
0x00007ffb2fe40000 - 0x00007ffb2fede000 	C:\WINDOWS\System32\msvcrt.dll
0x00007ffb320c0000 - 0x00007ffb3211b000 	C:\WINDOWS\System32\sechost.dll
0x00007ffb322c0000 - 0x00007ffb323e4000 	C:\WINDOWS\System32\RPCRT4.dll
0x00007ffb32130000 - 0x00007ffb322c0000 	C:\WINDOWS\System32\USER32.dll
0x00007ffb2fd60000 - 0x00007ffb2fd80000 	C:\WINDOWS\System32\win32u.dll
0x00007ffb32080000 - 0x00007ffb320a8000 	C:\WINDOWS\System32\GDI32.dll
0x00007ffb2edc0000 - 0x00007ffb2ef51000 	C:\WINDOWS\System32\gdi32full.dll
0x00007ffb26840000 - 0x00007ffb26aa9000 	C:\WINDOWS\WinSxS\amd64_microsoft.windows.common-controls_6595b64144ccf1df_6.0.17134.829_none_fb46a5473061b9d5\COMCTL32.dll
0x00007ffb2fad0000 - 0x00007ffb2fb6f000 	C:\WINDOWS\System32\msvcp_win.dll
0x00007ffb313a0000 - 0x00007ffb316c2000 	C:\WINDOWS\System32\combase.dll
0x00007ffb2f230000 - 0x00007ffb2f2aa000 	C:\WINDOWS\System32\bcryptPrimitives.dll
0x00007ffb280b0000 - 0x00007ffb280ba000 	C:\WINDOWS\SYSTEM32\VERSION.dll
0x00007ffb31780000 - 0x00007ffb317ad000 	C:\WINDOWS\System32\IMM32.DLL
0x00007ffae1e80000 - 0x00007ffae1f2a000 	D:\develop\java\jdk-12.0.2\bin\msvcp140.dll
0x00007ffadb3d0000 - 0x00007ffadbf47000 	D:\develop\java\jdk-12.0.2\bin\server\jvm.dll
0x00007ffb32120000 - 0x00007ffb32128000 	C:\WINDOWS\System32\PSAPI.DLL
0x00007ffb28d50000 - 0x00007ffb28d59000 	C:\WINDOWS\SYSTEM32\WSOCK32.dll
0x00007ffb289c0000 - 0x00007ffb289e3000 	C:\WINDOWS\SYSTEM32\WINMM.dll
0x00007ffb32010000 - 0x00007ffb3207c000 	C:\WINDOWS\System32\WS2_32.dll
0x00007ffb28990000 - 0x00007ffb289ba000 	C:\WINDOWS\SYSTEM32\winmmbase.dll
0x00007ffb2ef60000 - 0x00007ffb2efa9000 	C:\WINDOWS\System32\cfgmgr32.dll
0x00007ffb2ec30000 - 0x00007ffb2ec41000 	C:\WINDOWS\System32\kernel.appcore.dll
0x00007ffb271c0000 - 0x00007ffb271d1000 	D:\develop\java\jdk-12.0.2\bin\verify.dll
0x00007ffb14720000 - 0x00007ffb148e9000 	C:\WINDOWS\SYSTEM32\DBGHELP.DLL
0x00007ffb14650000 - 0x00007ffb14679000 	C:\WINDOWS\SYSTEM32\dbgcore.DLL
0x00007ffb1dac0000 - 0x00007ffb1dae6000 	D:\develop\java\jdk-12.0.2\bin\java.dll
0x00007ffb22ef0000 - 0x00007ffb22f07000 	D:\develop\java\jdk-12.0.2\bin\zip.dll
0x00007ffb27540000 - 0x00007ffb2754a000 	D:\develop\java\jdk-12.0.2\bin\jimage.dll
0x00007ffb2fee0000 - 0x00007ffb31320000 	C:\WINDOWS\System32\SHELL32.dll
0x00007ffb316d0000 - 0x00007ffb31779000 	C:\WINDOWS\System32\shcore.dll
0x00007ffb2f2b0000 - 0x00007ffb2f9bd000 	C:\WINDOWS\System32\windows.storage.dll
0x00007ffb31340000 - 0x00007ffb31391000 	C:\WINDOWS\System32\shlwapi.dll
0x00007ffb2ec10000 - 0x00007ffb2ec2f000 	C:\WINDOWS\System32\profapi.dll
0x00007ffb2ec70000 - 0x00007ffb2ecbc000 	C:\WINDOWS\System32\powrprof.dll
0x00007ffb2ec00000 - 0x00007ffb2ec0a000 	C:\WINDOWS\System32\FLTLIB.DLL
0x00007ffb22b40000 - 0x00007ffb22b59000 	D:\develop\java\jdk-12.0.2\bin\net.dll
0x00007ffb29ff0000 - 0x00007ffb2a0cd000 	C:\WINDOWS\SYSTEM32\WINHTTP.dll
0x00007ffb20da0000 - 0x00007ffb20f69000 	C:\WINDOWS\SYSTEM32\urlmon.dll
0x00007ffb21230000 - 0x00007ffb214d6000 	C:\WINDOWS\SYSTEM32\iertutil.dll
0x00007ffb2e630000 - 0x00007ffb2e63b000 	C:\WINDOWS\SYSTEM32\CRYPTBASE.DLL
0x00007ffb2e480000 - 0x00007ffb2e4e6000 	C:\WINDOWS\system32\mswsock.dll
0x00007ffb1f260000 - 0x00007ffb1f273000 	D:\develop\java\jdk-12.0.2\bin\nio.dll
0x00007ffb12f40000 - 0x00007ffb12f66000 	C:\Users\13383\.gradle\native\29\windows-amd64\native-platform.dll
0x00007ffb25480000 - 0x00007ffb25489000 	D:\develop\java\jdk-12.0.2\bin\management.dll
0x00007ffb25420000 - 0x00007ffb2542c000 	D:\develop\java\jdk-12.0.2\bin\management_ext.dll
0x00007ffb2e640000 - 0x00007ffb2e657000 	C:\WINDOWS\SYSTEM32\CRYPTSP.dll
0x00007ffb2e070000 - 0x00007ffb2e0a3000 	C:\WINDOWS\system32\rsaenh.dll
0x00007ffb2e760000 - 0x00007ffb2e785000 	C:\WINDOWS\SYSTEM32\bcrypt.dll
0x00007ffb2eb30000 - 0x00007ffb2eb58000 	C:\WINDOWS\SYSTEM32\USERENV.dll
0x00007ffb2e210000 - 0x00007ffb2e248000 	C:\WINDOWS\SYSTEM32\IPHLPAPI.DLL
0x00007ffb32000000 - 0x00007ffb32008000 	C:\WINDOWS\System32\NSI.dll
0x00007ffb280f0000 - 0x00007ffb28106000 	C:\WINDOWS\SYSTEM32\dhcpcsvc6.DLL
0x00007ffb28960000 - 0x00007ffb2897a000 	C:\WINDOWS\SYSTEM32\dhcpcsvc.DLL

dbghelp: loaded successfully - version: 4.0.5 - missing functions: none
symbol engine: initialized successfully - sym options: 0x614 - pdb path: .;D:\develop\java\jdk-12.0.2\bin;C:\WINDOWS\SYSTEM32;C:\WINDOWS\WinSxS\amd64_microsoft.windows.common-controls_6595b64144ccf1df_6.0.17134.829_none_fb46a5473061b9d5;D:\develop\java\jdk-12.0.2\bin\server;C:\Users\13383\.gradle\native\29\windows-amd64

VM Arguments:
jvm_args: --add-opens=java.base/java.util=ALL-UNNAMED --add-opens=java.base/java.lang=ALL-UNNAMED --add-opens=java.base/java.lang.invoke=ALL-UNNAMED --add-opens=java.prefs/java.util.prefs=ALL-UNNAMED -XX:MaxMetaspaceSize=256m -XX:+HeapDumpOnOutOfMemoryError -Xms256m -Xmx512m -Dfile.encoding=GBK -Duser.country=CN -Duser.language=zh -Duser.variant 
java_command: org.gradle.launcher.daemon.bootstrap.GradleDaemon 5.4.1
java_class_path (initial): C:\Users\13383\.gradle\wrapper\dists\gradle-5.4.1-all\3221gyojl5jsh0helicew7rwx\gradle-5.4.1\lib\gradle-launcher-5.4.1.jar
Launcher Type: SUN_STANDARD

[Global flags]
     intx CICompilerCount                          = 3                                         {product} {ergonomic}
   size_t CompressedClassSpaceSize                 = 260046848                                 {product} {ergonomic}
     uint ConcGCThreads                            = 1                                         {product} {ergonomic}
     uint G1ConcRefinementThreads                  = 4                                         {product} {ergonomic}
   size_t G1HeapRegionSize                         = 1048576                                   {product} {ergonomic}
    uintx GCDrainStackTargetSize                   = 64                                        {product} {ergonomic}
     bool HeapDumpOnOutOfMemoryError               = true                                   {manageable} {command line}
   size_t InitialHeapSize                          = 268435456                                 {product} {command line}
   size_t MarkStackSize                            = 4194304                                   {product} {ergonomic}
   size_t MaxHeapSize                              = 536870912                                 {product} {command line}
   size_t MaxMetaspaceSize                         = 268435456                                 {product} {command line}
   size_t MaxNewSize                               = 321912832                                 {product} {ergonomic}
   size_t MinHeapDeltaBytes                        = 1048576                                   {product} {ergonomic}
    uintx NonNMethodCodeHeapSize                   = 5830732                                {pd product} {ergonomic}
    uintx NonProfiledCodeHeapSize                  = 122913754                              {pd product} {ergonomic}
    uintx ProfiledCodeHeapSize                     = 122913754                              {pd product} {ergonomic}
    uintx ReservedCodeCacheSize                    = 251658240                              {pd product} {ergonomic}
     bool SegmentedCodeCache                       = true                                      {product} {ergonomic}
     bool UseCompressedClassPointers               = true                                 {lp64_product} {ergonomic}
     bool UseCompressedOops                        = true                                 {lp64_product} {ergonomic}
     bool UseG1GC                                  = true                                      {product} {ergonomic}
     bool UseLargePagesIndividualAllocation        = false                                  {pd product} {ergonomic}

Logging:
Log output configuration:
 #0: stdout all=warning uptime,level,tags
 #1: stderr all=off uptime,level,tags

Environment Variables:
JAVA_HOME=D:\develop\java\jdk-12.0.2
CLASSPATH=E:\study\react-native\code\pro\AwesomeProject\android\\gradle\wrapper\gradle-wrapper.jar
PATH=C:\Windows\system32;C:\Windows;C:\Windows\System32\Wbem;C:\Windows\System32\WindowsPowerShell\v1.0\;C:\Program Files (x86)\NVIDIA Corporation\PhysX\Common;D:\Program Files\Git\cmd;C:\Program Files\nodejs\;C:\Program Files\TortoiseSVN\bin;C:\Program Files\dotnet\;C:\WINDOWS\system32;C:\WINDOWS;C:\WINDOWS\System32\Wbem;C:\WINDOWS\System32\WindowsPowerShell\v1.0\;C:\WINDOWS\System32\OpenSSH\;d:\Program Files\Microsoft VS Code\bin;"D:\develop\java\jdk-12.0.2\bin;D:\develop\java\jdk-12.0.2\jre\bin";"D:\develop\android_studio\tools;D:\develop\android_studio\platform-tools";D:\develop\android_studio\platform-tools;C:\Users\13383\AppData\Local\Programs\Python\Python37\Scripts\;C:\Users\13383\AppData\Local\Programs\Python\Python37\;C:\Users\13383\AppData\Local\Microsoft\WindowsApps;d:\Program Files\Microsoft VS Code\bin;C:\Users\13383\AppData\Roaming\npm;;d:\Fiddler
USERNAME=diamond
OS=Windows_NT
PROCESSOR_IDENTIFIER=Intel64 Family 6 Model 142 Stepping 9, GenuineIntel



---------------  S Y S T E M  ---------------

OS: Windows 10 , 64 bit Build 17134 (10.0.17134.753)

CPU:total 4 (initial active 4) (2 cores per cpu, 2 threads per core) family 6 model 142 stepping 9, cmov, cx8, fxsr, mmx, sse, sse2, sse3, ssse3, sse4.1, sse4.2, popcnt, avx, avx2, aes, clmul, erms, 3dnowpref, lzcnt, ht, tsc, tscinvbit, bmi1, bmi2, adx, fma

Memory: 4k page, system-wide physical 8050M (1205M free)
TotalPageFile size 13193M (AvailPageFile size 3M)
current process WorkingSet (physical memory assigned to process): 339M, peak: 339M
current process commit charge ("private bytes"): 468M, peak: 469M

vm_info: Java HotSpot(TM) 64-Bit Server VM (12.0.2+10) for windows-amd64 JRE (12.0.2+10), built on Jul 16 2019 01:56:17 by "mach5one" with MS VC++ 15.5 (VS2017)

END.
